{"/home/user/Desktop/node/node-ciphering-cli-tool/src/ciphers/atbash.js": {"path":"/home/user/Desktop/node/node-ciphering-cli-tool/src/ciphers/atbash.js","statementMap":{"0":{"start":{"line":1,"column":15},"end":{"line":1,"column":43}},"1":{"start":{"line":4,"column":19},"end":{"line":4,"column":39}},"2":{"start":{"line":5,"column":4},"end":{"line":9,"column":5}},"3":{"start":{"line":6,"column":8},"end":{"line":6,"column":20}},"4":{"start":{"line":8,"column":8},"end":{"line":8,"column":21}},"5":{"start":{"line":13,"column":19},"end":{"line":13,"column":39}},"6":{"start":{"line":14,"column":4},"end":{"line":18,"column":5}},"7":{"start":{"line":15,"column":8},"end":{"line":15,"column":20}},"8":{"start":{"line":17,"column":8},"end":{"line":17,"column":21}},"9":{"start":{"line":22,"column":20},"end":{"line":22,"column":22}},"10":{"start":{"line":23,"column":4},"end":{"line":72,"column":5}},"11":{"start":{"line":23,"column":17},"end":{"line":23,"column":18}},"12":{"start":{"line":24,"column":20},"end":{"line":24,"column":21}},"13":{"start":{"line":26,"column":8},"end":{"line":71,"column":9}},"14":{"start":{"line":27,"column":32},"end":{"line":27,"column":33}},"15":{"start":{"line":29,"column":24},"end":{"line":29,"column":45}},"16":{"start":{"line":30,"column":12},"end":{"line":30,"column":44}},"17":{"start":{"line":32,"column":12},"end":{"line":36,"column":13}},"18":{"start":{"line":33,"column":16},"end":{"line":33,"column":45}},"19":{"start":{"line":35,"column":16},"end":{"line":35,"column":38}},"20":{"start":{"line":38,"column":28},"end":{"line":38,"column":50}},"21":{"start":{"line":39,"column":12},"end":{"line":43,"column":13}},"22":{"start":{"line":40,"column":16},"end":{"line":40,"column":45}},"23":{"start":{"line":42,"column":16},"end":{"line":42,"column":38}},"24":{"start":{"line":45,"column":31},"end":{"line":45,"column":50}},"25":{"start":{"line":47,"column":12},"end":{"line":47,"column":51}},"26":{"start":{"line":48,"column":15},"end":{"line":71,"column":9}},"27":{"start":{"line":49,"column":32},"end":{"line":49,"column":33}},"28":{"start":{"line":51,"column":24},"end":{"line":51,"column":45}},"29":{"start":{"line":52,"column":12},"end":{"line":52,"column":44}},"30":{"start":{"line":54,"column":12},"end":{"line":58,"column":13}},"31":{"start":{"line":55,"column":16},"end":{"line":55,"column":45}},"32":{"start":{"line":57,"column":16},"end":{"line":57,"column":38}},"33":{"start":{"line":60,"column":28},"end":{"line":60,"column":50}},"34":{"start":{"line":61,"column":12},"end":{"line":65,"column":13}},"35":{"start":{"line":62,"column":16},"end":{"line":62,"column":45}},"36":{"start":{"line":64,"column":16},"end":{"line":64,"column":38}},"37":{"start":{"line":67,"column":31},"end":{"line":67,"column":50}},"38":{"start":{"line":68,"column":12},"end":{"line":68,"column":38}},"39":{"start":{"line":70,"column":12},"end":{"line":70,"column":33}},"40":{"start":{"line":74,"column":4},"end":{"line":74,"column":21}},"41":{"start":{"line":77,"column":0},"end":{"line":77,"column":24}}},"fnMap":{"0":{"name":"isUpperCase","decl":{"start":{"line":3,"column":9},"end":{"line":3,"column":20}},"loc":{"start":{"line":3,"column":29},"end":{"line":10,"column":1}},"line":3},"1":{"name":"isLowerCase","decl":{"start":{"line":12,"column":9},"end":{"line":12,"column":20}},"loc":{"start":{"line":12,"column":29},"end":{"line":19,"column":1}},"line":12},"2":{"name":"atbash","decl":{"start":{"line":21,"column":9},"end":{"line":21,"column":15}},"loc":{"start":{"line":21,"column":22},"end":{"line":75,"column":1}},"line":21}},"branchMap":{"0":{"loc":{"start":{"line":5,"column":4},"end":{"line":9,"column":5}},"type":"if","locations":[{"start":{"line":5,"column":4},"end":{"line":9,"column":5}},{"start":{"line":7,"column":11},"end":{"line":9,"column":5}}],"line":5},"1":{"loc":{"start":{"line":5,"column":7},"end":{"line":5,"column":39}},"type":"binary-expr","locations":[{"start":{"line":5,"column":7},"end":{"line":5,"column":21}},{"start":{"line":5,"column":25},"end":{"line":5,"column":39}}],"line":5},"2":{"loc":{"start":{"line":14,"column":4},"end":{"line":18,"column":5}},"type":"if","locations":[{"start":{"line":14,"column":4},"end":{"line":18,"column":5}},{"start":{"line":16,"column":11},"end":{"line":18,"column":5}}],"line":14},"3":{"loc":{"start":{"line":14,"column":7},"end":{"line":14,"column":40}},"type":"binary-expr","locations":[{"start":{"line":14,"column":7},"end":{"line":14,"column":21}},{"start":{"line":14,"column":25},"end":{"line":14,"column":40}}],"line":14},"4":{"loc":{"start":{"line":26,"column":8},"end":{"line":71,"column":9}},"type":"if","locations":[{"start":{"line":26,"column":8},"end":{"line":71,"column":9}},{"start":{"line":48,"column":15},"end":{"line":71,"column":9}}],"line":26},"5":{"loc":{"start":{"line":32,"column":12},"end":{"line":36,"column":13}},"type":"if","locations":[{"start":{"line":32,"column":12},"end":{"line":36,"column":13}},{"start":{"line":34,"column":19},"end":{"line":36,"column":13}}],"line":32},"6":{"loc":{"start":{"line":32,"column":15},"end":{"line":32,"column":40}},"type":"binary-expr","locations":[{"start":{"line":32,"column":15},"end":{"line":32,"column":24}},{"start":{"line":32,"column":28},"end":{"line":32,"column":40}}],"line":32},"7":{"loc":{"start":{"line":39,"column":12},"end":{"line":43,"column":13}},"type":"if","locations":[{"start":{"line":39,"column":12},"end":{"line":43,"column":13}},{"start":{"line":41,"column":19},"end":{"line":43,"column":13}}],"line":39},"8":{"loc":{"start":{"line":48,"column":15},"end":{"line":71,"column":9}},"type":"if","locations":[{"start":{"line":48,"column":15},"end":{"line":71,"column":9}},{"start":{"line":69,"column":15},"end":{"line":71,"column":9}}],"line":48},"9":{"loc":{"start":{"line":54,"column":12},"end":{"line":58,"column":13}},"type":"if","locations":[{"start":{"line":54,"column":12},"end":{"line":58,"column":13}},{"start":{"line":56,"column":19},"end":{"line":58,"column":13}}],"line":54},"10":{"loc":{"start":{"line":54,"column":15},"end":{"line":54,"column":40}},"type":"binary-expr","locations":[{"start":{"line":54,"column":15},"end":{"line":54,"column":24}},{"start":{"line":54,"column":28},"end":{"line":54,"column":40}}],"line":54},"11":{"loc":{"start":{"line":61,"column":12},"end":{"line":65,"column":13}},"type":"if","locations":[{"start":{"line":61,"column":12},"end":{"line":65,"column":13}},{"start":{"line":63,"column":19},"end":{"line":65,"column":13}}],"line":61}},"s":{"0":1,"1":2,"2":2,"3":0,"4":2,"5":2,"6":2,"7":2,"8":0,"9":2,"10":2,"11":2,"12":2,"13":2,"14":0,"15":0,"16":0,"17":0,"18":0,"19":0,"20":0,"21":0,"22":0,"23":0,"24":0,"25":0,"26":2,"27":2,"28":2,"29":2,"30":2,"31":0,"32":2,"33":2,"34":2,"35":1,"36":1,"37":2,"38":2,"39":0,"40":2,"41":1},"f":{"0":2,"1":2,"2":2},"b":{"0":[0,2],"1":[2,2],"2":[2,0],"3":[2,2],"4":[0,2],"5":[0,0],"6":[0,0],"7":[0,0],"8":[2,0],"9":[0,2],"10":[2,0],"11":[1,1]},"_coverageSchema":"1a1c01bbd47fc00a2c39e90264f33305004495a9","hash":"b9ca18ae21128a8f78b5f4e5aac3d54b9d418e1d"}
,"/home/user/Desktop/node/node-ciphering-cli-tool/src/validation/validationPath.js": {"path":"/home/user/Desktop/node/node-ciphering-cli-tool/src/validation/validationPath.js","statementMap":{"0":{"start":{"line":1,"column":11},"end":{"line":1,"column":24}},"1":{"start":{"line":2,"column":13},"end":{"line":2,"column":28}},"2":{"start":{"line":5,"column":4},"end":{"line":5,"column":85}},"3":{"start":{"line":5,"column":30},"end":{"line":5,"column":85}},"4":{"start":{"line":8,"column":0},"end":{"line":8,"column":30}}},"fnMap":{"0":{"name":"validatePath","decl":{"start":{"line":4,"column":15},"end":{"line":4,"column":27}},"loc":{"start":{"line":4,"column":34},"end":{"line":6,"column":1}},"line":4}},"branchMap":{"0":{"loc":{"start":{"line":5,"column":4},"end":{"line":5,"column":85}},"type":"if","locations":[{"start":{"line":5,"column":4},"end":{"line":5,"column":85}},{"start":{},"end":{}}],"line":5}},"s":{"0":1,"1":1,"2":2,"3":1,"4":1},"f":{"0":2},"b":{"0":[1,1]},"_coverageSchema":"1a1c01bbd47fc00a2c39e90264f33305004495a9","hash":"9b0fb45e5873e73481ad3a64e1118df66c862fea"}
}
