TN:
SF:src/ciphers/atbash.js
FN:3,isUpperCase
FN:12,isLowerCase
FN:21,atbash
FNF:3
FNH:3
FNDA:2,isUpperCase
FNDA:2,isLowerCase
FNDA:2,atbash
DA:1,1
DA:4,2
DA:5,2
DA:6,0
DA:8,2
DA:13,2
DA:14,2
DA:15,2
DA:17,0
DA:22,2
DA:23,2
DA:24,2
DA:26,2
DA:27,0
DA:29,0
DA:30,0
DA:32,0
DA:33,0
DA:35,0
DA:38,0
DA:39,0
DA:40,0
DA:42,0
DA:45,0
DA:47,0
DA:48,2
DA:49,2
DA:51,2
DA:52,2
DA:54,2
DA:55,0
DA:57,2
DA:60,2
DA:61,2
DA:62,1
DA:64,1
DA:67,2
DA:68,2
DA:70,0
DA:74,2
DA:77,1
LF:41
LH:25
BRDA:5,0,0,0
BRDA:5,0,1,2
BRDA:5,1,0,2
BRDA:5,1,1,2
BRDA:14,2,0,2
BRDA:14,2,1,0
BRDA:14,3,0,2
BRDA:14,3,1,2
BRDA:26,4,0,0
BRDA:26,4,1,2
BRDA:32,5,0,0
BRDA:32,5,1,0
BRDA:32,6,0,0
BRDA:32,6,1,0
BRDA:39,7,0,0
BRDA:39,7,1,0
BRDA:48,8,0,2
BRDA:48,8,1,0
BRDA:54,9,0,0
BRDA:54,9,1,2
BRDA:54,10,0,2
BRDA:54,10,1,0
BRDA:61,11,0,1
BRDA:61,11,1,1
BRF:24
BRH:12
end_of_record
TN:
SF:src/validation/validationPath.js
FN:4,validatePath
FNF:1
FNH:1
FNDA:2,validatePath
DA:1,1
DA:2,1
DA:5,2
DA:8,1
LF:4
LH:4
BRDA:5,0,0,1
BRDA:5,0,1,1
BRF:2
BRH:2
end_of_record
